<?xml version="1.0" encoding="UTF-8"?>
<testsuite xmlns:xsi="http://www.w3.org/2001/XMLSchema-instance" xsi:noNamespaceSchemaLocation="https://maven.apache.org/surefire/maven-surefire-plugin/xsd/surefire-test-report.xsd" name="cn.lhx.dishsys.DishsysApplicationTests" time="6.937" tests="5" errors="0" skipped="0" failures="0">
  <properties>
    <property name="sun.desktop" value="windows"/>
    <property name="awt.toolkit" value="sun.awt.windows.WToolkit"/>
    <property name="file.encoding.pkg" value="sun.io"/>
    <property name="java.specification.version" value="1.8"/>
    <property name="sun.cpu.isalist" value="amd64"/>
    <property name="sun.jnu.encoding" value="GBK"/>
    <property name="java.class.path" value="D:\idea\workspace\dishsys\target\test-classes;D:\idea\workspace\dishsys\target\classes;D:\apache\MavenRepository\org\springframework\boot\spring-boot-starter-web\2.2.7.RELEASE\spring-boot-starter-web-2.2.7.RELEASE.jar;D:\apache\MavenRepository\org\springframework\boot\spring-boot-starter\2.2.7.RELEASE\spring-boot-starter-2.2.7.RELEASE.jar;D:\apache\MavenRepository\org\springframework\boot\spring-boot-starter-logging\2.2.7.RELEASE\spring-boot-starter-logging-2.2.7.RELEASE.jar;D:\apache\MavenRepository\ch\qos\logback\logback-classic\1.2.3\logback-classic-1.2.3.jar;D:\apache\MavenRepository\ch\qos\logback\logback-core\1.2.3\logback-core-1.2.3.jar;D:\apache\MavenRepository\org\apache\logging\log4j\log4j-to-slf4j\2.12.1\log4j-to-slf4j-2.12.1.jar;D:\apache\MavenRepository\org\apache\logging\log4j\log4j-api\2.12.1\log4j-api-2.12.1.jar;D:\apache\MavenRepository\org\slf4j\jul-to-slf4j\1.7.30\jul-to-slf4j-1.7.30.jar;D:\apache\MavenRepository\jakarta\annotation\jakarta.annotation-api\1.3.5\jakarta.annotation-api-1.3.5.jar;D:\apache\MavenRepository\org\yaml\snakeyaml\1.25\snakeyaml-1.25.jar;D:\apache\MavenRepository\org\springframework\boot\spring-boot-starter-json\2.2.7.RELEASE\spring-boot-starter-json-2.2.7.RELEASE.jar;D:\apache\MavenRepository\com\fasterxml\jackson\datatype\jackson-datatype-jdk8\2.10.4\jackson-datatype-jdk8-2.10.4.jar;D:\apache\MavenRepository\com\fasterxml\jackson\datatype\jackson-datatype-jsr310\2.10.4\jackson-datatype-jsr310-2.10.4.jar;D:\apache\MavenRepository\com\fasterxml\jackson\module\jackson-module-parameter-names\2.10.4\jackson-module-parameter-names-2.10.4.jar;D:\apache\MavenRepository\org\springframework\boot\spring-boot-starter-tomcat\2.2.7.RELEASE\spring-boot-starter-tomcat-2.2.7.RELEASE.jar;D:\apache\MavenRepository\org\apache\tomcat\embed\tomcat-embed-core\9.0.34\tomcat-embed-core-9.0.34.jar;D:\apache\MavenRepository\org\apache\tomcat\embed\tomcat-embed-el\9.0.34\tomcat-embed-el-9.0.34.jar;D:\apache\MavenRepository\org\apache\tomcat\embed\tomcat-embed-websocket\9.0.34\tomcat-embed-websocket-9.0.34.jar;D:\apache\MavenRepository\org\springframework\boot\spring-boot-starter-validation\2.2.7.RELEASE\spring-boot-starter-validation-2.2.7.RELEASE.jar;D:\apache\MavenRepository\jakarta\validation\jakarta.validation-api\2.0.2\jakarta.validation-api-2.0.2.jar;D:\apache\MavenRepository\org\hibernate\validator\hibernate-validator\6.0.19.Final\hibernate-validator-6.0.19.Final.jar;D:\apache\MavenRepository\org\jboss\logging\jboss-logging\3.4.1.Final\jboss-logging-3.4.1.Final.jar;D:\apache\MavenRepository\com\fasterxml\classmate\1.5.1\classmate-1.5.1.jar;D:\apache\MavenRepository\org\springframework\spring-web\5.2.6.RELEASE\spring-web-5.2.6.RELEASE.jar;D:\apache\MavenRepository\org\springframework\spring-beans\5.2.6.RELEASE\spring-beans-5.2.6.RELEASE.jar;D:\apache\MavenRepository\org\springframework\spring-webmvc\5.2.6.RELEASE\spring-webmvc-5.2.6.RELEASE.jar;D:\apache\MavenRepository\org\springframework\spring-context\5.2.6.RELEASE\spring-context-5.2.6.RELEASE.jar;D:\apache\MavenRepository\org\springframework\spring-expression\5.2.6.RELEASE\spring-expression-5.2.6.RELEASE.jar;D:\apache\MavenRepository\mysql\mysql-connector-java\8.0.20\mysql-connector-java-8.0.20.jar;D:\apache\MavenRepository\com\alibaba\druid-spring-boot-starter\1.1.10\druid-spring-boot-starter-1.1.10.jar;D:\apache\MavenRepository\com\alibaba\druid\1.1.10\druid-1.1.10.jar;D:\apache\MavenRepository\org\slf4j\slf4j-api\1.7.30\slf4j-api-1.7.30.jar;D:\apache\MavenRepository\org\springframework\boot\spring-boot-autoconfigure\2.2.7.RELEASE\spring-boot-autoconfigure-2.2.7.RELEASE.jar;D:\apache\MavenRepository\com\baomidou\mybatis-plus-boot-starter\3.2.0\mybatis-plus-boot-starter-3.2.0.jar;D:\apache\MavenRepository\com\baomidou\mybatis-plus\3.2.0\mybatis-plus-3.2.0.jar;D:\apache\MavenRepository\com\baomidou\mybatis-plus-extension\3.2.0\mybatis-plus-extension-3.2.0.jar;D:\apache\MavenRepository\com\baomidou\mybatis-plus-core\3.2.0\mybatis-plus-core-3.2.0.jar;D:\apache\MavenRepository\com\baomidou\mybatis-plus-annotation\3.2.0\mybatis-plus-annotation-3.2.0.jar;D:\apache\MavenRepository\com\github\jsqlparser\jsqlparser\2.1\jsqlparser-2.1.jar;D:\apache\MavenRepository\org\mybatis\mybatis\3.5.2\mybatis-3.5.2.jar;D:\apache\MavenRepository\org\mybatis\mybatis-spring\2.0.2\mybatis-spring-2.0.2.jar;D:\apache\MavenRepository\org\springframework\boot\spring-boot-starter-jdbc\2.2.7.RELEASE\spring-boot-starter-jdbc-2.2.7.RELEASE.jar;D:\apache\MavenRepository\com\zaxxer\HikariCP\3.4.3\HikariCP-3.4.3.jar;D:\apache\MavenRepository\org\springframework\spring-jdbc\5.2.6.RELEASE\spring-jdbc-5.2.6.RELEASE.jar;D:\apache\MavenRepository\joda-time\joda-time\2.10.6\joda-time-2.10.6.jar;D:\apache\MavenRepository\cn\hutool\hutool-all\5.1.0\hutool-all-5.1.0.jar;D:\apache\MavenRepository\com\github\whvcse\easy-captcha\1.6.2\easy-captcha-1.6.2.jar;D:\apache\MavenRepository\org\springframework\boot\spring-boot-starter-data-redis\2.2.5.RELEASE\spring-boot-starter-data-redis-2.2.5.RELEASE.jar;D:\apache\MavenRepository\org\springframework\data\spring-data-redis\2.2.7.RELEASE\spring-data-redis-2.2.7.RELEASE.jar;D:\apache\MavenRepository\org\springframework\data\spring-data-keyvalue\2.2.7.RELEASE\spring-data-keyvalue-2.2.7.RELEASE.jar;D:\apache\MavenRepository\org\springframework\data\spring-data-commons\2.2.7.RELEASE\spring-data-commons-2.2.7.RELEASE.jar;D:\apache\MavenRepository\org\springframework\spring-tx\5.2.6.RELEASE\spring-tx-5.2.6.RELEASE.jar;D:\apache\MavenRepository\org\springframework\spring-oxm\5.2.6.RELEASE\spring-oxm-5.2.6.RELEASE.jar;D:\apache\MavenRepository\io\lettuce\lettuce-core\5.2.2.RELEASE\lettuce-core-5.2.2.RELEASE.jar;D:\apache\MavenRepository\io\netty\netty-common\4.1.49.Final\netty-common-4.1.49.Final.jar;D:\apache\MavenRepository\io\netty\netty-handler\4.1.49.Final\netty-handler-4.1.49.Final.jar;D:\apache\MavenRepository\io\netty\netty-resolver\4.1.49.Final\netty-resolver-4.1.49.Final.jar;D:\apache\MavenRepository\io\netty\netty-buffer\4.1.49.Final\netty-buffer-4.1.49.Final.jar;D:\apache\MavenRepository\io\netty\netty-codec\4.1.49.Final\netty-codec-4.1.49.Final.jar;D:\apache\MavenRepository\io\netty\netty-transport\4.1.49.Final\netty-transport-4.1.49.Final.jar;D:\apache\MavenRepository\io\projectreactor\reactor-core\3.3.5.RELEASE\reactor-core-3.3.5.RELEASE.jar;D:\apache\MavenRepository\org\reactivestreams\reactive-streams\1.0.3\reactive-streams-1.0.3.jar;D:\apache\MavenRepository\com\alibaba\fastjson\1.2.54\fastjson-1.2.54.jar;D:\apache\MavenRepository\org\springframework\boot\spring-boot-starter-mail\2.1.7.RELEASE\spring-boot-starter-mail-2.1.7.RELEASE.jar;D:\apache\MavenRepository\org\springframework\spring-context-support\5.2.6.RELEASE\spring-context-support-5.2.6.RELEASE.jar;D:\apache\MavenRepository\com\sun\mail\javax.mail\1.6.2\javax.mail-1.6.2.jar;D:\apache\MavenRepository\javax\activation\activation\1.1\activation-1.1.jar;D:\apache\MavenRepository\com\auth0\java-jwt\3.4.0\java-jwt-3.4.0.jar;D:\apache\MavenRepository\com\fasterxml\jackson\core\jackson-databind\2.10.4\jackson-databind-2.10.4.jar;D:\apache\MavenRepository\com\fasterxml\jackson\core\jackson-annotations\2.10.4\jackson-annotations-2.10.4.jar;D:\apache\MavenRepository\com\fasterxml\jackson\core\jackson-core\2.10.4\jackson-core-2.10.4.jar;D:\apache\MavenRepository\commons-codec\commons-codec\1.13\commons-codec-1.13.jar;D:\apache\MavenRepository\org\springframework\boot\spring-boot-starter-aop\2.2.7.RELEASE\spring-boot-starter-aop-2.2.7.RELEASE.jar;D:\apache\MavenRepository\org\springframework\spring-aop\5.2.6.RELEASE\spring-aop-5.2.6.RELEASE.jar;D:\apache\MavenRepository\org\aspectj\aspectjweaver\1.9.5\aspectjweaver-1.9.5.jar;D:\apache\MavenRepository\org\springframework\boot\spring-boot-devtools\2.2.7.RELEASE\spring-boot-devtools-2.2.7.RELEASE.jar;D:\apache\MavenRepository\org\springframework\boot\spring-boot\2.2.7.RELEASE\spring-boot-2.2.7.RELEASE.jar;D:\apache\MavenRepository\org\apache\shiro\shiro-spring\1.4.0\shiro-spring-1.4.0.jar;D:\apache\MavenRepository\org\apache\shiro\shiro-core\1.4.0\shiro-core-1.4.0.jar;D:\apache\MavenRepository\org\apache\shiro\shiro-lang\1.4.0\shiro-lang-1.4.0.jar;D:\apache\MavenRepository\org\apache\shiro\shiro-cache\1.4.0\shiro-cache-1.4.0.jar;D:\apache\MavenRepository\org\apache\shiro\shiro-crypto-hash\1.4.0\shiro-crypto-hash-1.4.0.jar;D:\apache\MavenRepository\org\apache\shiro\shiro-crypto-core\1.4.0\shiro-crypto-core-1.4.0.jar;D:\apache\MavenRepository\org\apache\shiro\shiro-crypto-cipher\1.4.0\shiro-crypto-cipher-1.4.0.jar;D:\apache\MavenRepository\org\apache\shiro\shiro-config-core\1.4.0\shiro-config-core-1.4.0.jar;D:\apache\MavenRepository\org\apache\shiro\shiro-config-ogdl\1.4.0\shiro-config-ogdl-1.4.0.jar;D:\apache\MavenRepository\commons-beanutils\commons-beanutils\1.9.3\commons-beanutils-1.9.3.jar;D:\apache\MavenRepository\commons-collections\commons-collections\3.2.2\commons-collections-3.2.2.jar;D:\apache\MavenRepository\org\apache\shiro\shiro-event\1.4.0\shiro-event-1.4.0.jar;D:\apache\MavenRepository\org\apache\shiro\shiro-web\1.4.0\shiro-web-1.4.0.jar;D:\apache\MavenRepository\org\projectlombok\lombok\1.18.12\lombok-1.18.12.jar;D:\apache\MavenRepository\org\springframework\boot\spring-boot-starter-test\2.2.7.RELEASE\spring-boot-starter-test-2.2.7.RELEASE.jar;D:\apache\MavenRepository\org\springframework\boot\spring-boot-test\2.2.7.RELEASE\spring-boot-test-2.2.7.RELEASE.jar;D:\apache\MavenRepository\org\springframework\boot\spring-boot-test-autoconfigure\2.2.7.RELEASE\spring-boot-test-autoconfigure-2.2.7.RELEASE.jar;D:\apache\MavenRepository\com\jayway\jsonpath\json-path\2.4.0\json-path-2.4.0.jar;D:\apache\MavenRepository\net\minidev\json-smart\2.3\json-smart-2.3.jar;D:\apache\MavenRepository\net\minidev\accessors-smart\1.2\accessors-smart-1.2.jar;D:\apache\MavenRepository\org\ow2\asm\asm\5.0.4\asm-5.0.4.jar;D:\apache\MavenRepository\jakarta\xml\bind\jakarta.xml.bind-api\2.3.3\jakarta.xml.bind-api-2.3.3.jar;D:\apache\MavenRepository\jakarta\activation\jakarta.activation-api\1.2.2\jakarta.activation-api-1.2.2.jar;D:\apache\MavenRepository\org\junit\jupiter\junit-jupiter\5.5.2\junit-jupiter-5.5.2.jar;D:\apache\MavenRepository\org\junit\jupiter\junit-jupiter-api\5.5.2\junit-jupiter-api-5.5.2.jar;D:\apache\MavenRepository\org\opentest4j\opentest4j\1.2.0\opentest4j-1.2.0.jar;D:\apache\MavenRepository\org\junit\platform\junit-platform-commons\1.5.2\junit-platform-commons-1.5.2.jar;D:\apache\MavenRepository\org\junit\jupiter\junit-jupiter-params\5.5.2\junit-jupiter-params-5.5.2.jar;D:\apache\MavenRepository\org\junit\jupiter\junit-jupiter-engine\5.5.2\junit-jupiter-engine-5.5.2.jar;D:\apache\MavenRepository\org\junit\vintage\junit-vintage-engine\5.5.2\junit-vintage-engine-5.5.2.jar;D:\apache\MavenRepository\org\apiguardian\apiguardian-api\1.1.0\apiguardian-api-1.1.0.jar;D:\apache\MavenRepository\org\junit\platform\junit-platform-engine\1.5.2\junit-platform-engine-1.5.2.jar;D:\apache\MavenRepository\junit\junit\4.12\junit-4.12.jar;D:\apache\MavenRepository\org\mockito\mockito-junit-jupiter\3.1.0\mockito-junit-jupiter-3.1.0.jar;D:\apache\MavenRepository\org\assertj\assertj-core\3.13.2\assertj-core-3.13.2.jar;D:\apache\MavenRepository\org\hamcrest\hamcrest\2.1\hamcrest-2.1.jar;D:\apache\MavenRepository\org\mockito\mockito-core\3.1.0\mockito-core-3.1.0.jar;D:\apache\MavenRepository\net\bytebuddy\byte-buddy\1.10.10\byte-buddy-1.10.10.jar;D:\apache\MavenRepository\net\bytebuddy\byte-buddy-agent\1.10.10\byte-buddy-agent-1.10.10.jar;D:\apache\MavenRepository\org\objenesis\objenesis\2.6\objenesis-2.6.jar;D:\apache\MavenRepository\org\skyscreamer\jsonassert\1.5.0\jsonassert-1.5.0.jar;D:\apache\MavenRepository\com\vaadin\external\google\android-json\0.0.20131108.vaadin1\android-json-0.0.20131108.vaadin1.jar;D:\apache\MavenRepository\org\springframework\spring-core\5.2.6.RELEASE\spring-core-5.2.6.RELEASE.jar;D:\apache\MavenRepository\org\springframework\spring-jcl\5.2.6.RELEASE\spring-jcl-5.2.6.RELEASE.jar;D:\apache\MavenRepository\org\springframework\spring-test\5.2.6.RELEASE\spring-test-5.2.6.RELEASE.jar;D:\apache\MavenRepository\org\xmlunit\xmlunit-core\2.6.4\xmlunit-core-2.6.4.jar;"/>
    <property name="java.vm.vendor" value="Oracle Corporation"/>
    <property name="sun.arch.data.model" value="64"/>
    <property name="user.variant" value=""/>
    <property name="java.vendor.url" value="http://java.oracle.com/"/>
    <property name="user.timezone" value="Asia/Shanghai"/>
    <property name="java.vm.specification.version" value="1.8"/>
    <property name="os.name" value="Windows 10"/>
    <property name="user.country" value="CN"/>
    <property name="sun.java.launcher" value="SUN_STANDARD"/>
    <property name="sun.boot.library.path" value="C:\Program Files\Java\jdk1.8.0_251\jre\bin"/>
    <property name="sun.java.command" value="C:\Users\ADMINI~1\AppData\Local\Temp\surefire5315487356313427542\surefirebooter1338554020203863615.jar C:\Users\Administrator\AppData\Local\Temp\surefire5315487356313427542 2020-06-02T18-43-28_471-jvmRun1 surefire1556870406231551022tmp surefire_02416489337562534294tmp"/>
    <property name="surefire.test.class.path" value="D:\idea\workspace\dishsys\target\test-classes;D:\idea\workspace\dishsys\target\classes;D:\apache\MavenRepository\org\springframework\boot\spring-boot-starter-web\2.2.7.RELEASE\spring-boot-starter-web-2.2.7.RELEASE.jar;D:\apache\MavenRepository\org\springframework\boot\spring-boot-starter\2.2.7.RELEASE\spring-boot-starter-2.2.7.RELEASE.jar;D:\apache\MavenRepository\org\springframework\boot\spring-boot-starter-logging\2.2.7.RELEASE\spring-boot-starter-logging-2.2.7.RELEASE.jar;D:\apache\MavenRepository\ch\qos\logback\logback-classic\1.2.3\logback-classic-1.2.3.jar;D:\apache\MavenRepository\ch\qos\logback\logback-core\1.2.3\logback-core-1.2.3.jar;D:\apache\MavenRepository\org\apache\logging\log4j\log4j-to-slf4j\2.12.1\log4j-to-slf4j-2.12.1.jar;D:\apache\MavenRepository\org\apache\logging\log4j\log4j-api\2.12.1\log4j-api-2.12.1.jar;D:\apache\MavenRepository\org\slf4j\jul-to-slf4j\1.7.30\jul-to-slf4j-1.7.30.jar;D:\apache\MavenRepository\jakarta\annotation\jakarta.annotation-api\1.3.5\jakarta.annotation-api-1.3.5.jar;D:\apache\MavenRepository\org\yaml\snakeyaml\1.25\snakeyaml-1.25.jar;D:\apache\MavenRepository\org\springframework\boot\spring-boot-starter-json\2.2.7.RELEASE\spring-boot-starter-json-2.2.7.RELEASE.jar;D:\apache\MavenRepository\com\fasterxml\jackson\datatype\jackson-datatype-jdk8\2.10.4\jackson-datatype-jdk8-2.10.4.jar;D:\apache\MavenRepository\com\fasterxml\jackson\datatype\jackson-datatype-jsr310\2.10.4\jackson-datatype-jsr310-2.10.4.jar;D:\apache\MavenRepository\com\fasterxml\jackson\module\jackson-module-parameter-names\2.10.4\jackson-module-parameter-names-2.10.4.jar;D:\apache\MavenRepository\org\springframework\boot\spring-boot-starter-tomcat\2.2.7.RELEASE\spring-boot-starter-tomcat-2.2.7.RELEASE.jar;D:\apache\MavenRepository\org\apache\tomcat\embed\tomcat-embed-core\9.0.34\tomcat-embed-core-9.0.34.jar;D:\apache\MavenRepository\org\apache\tomcat\embed\tomcat-embed-el\9.0.34\tomcat-embed-el-9.0.34.jar;D:\apache\MavenRepository\org\apache\tomcat\embed\tomcat-embed-websocket\9.0.34\tomcat-embed-websocket-9.0.34.jar;D:\apache\MavenRepository\org\springframework\boot\spring-boot-starter-validation\2.2.7.RELEASE\spring-boot-starter-validation-2.2.7.RELEASE.jar;D:\apache\MavenRepository\jakarta\validation\jakarta.validation-api\2.0.2\jakarta.validation-api-2.0.2.jar;D:\apache\MavenRepository\org\hibernate\validator\hibernate-validator\6.0.19.Final\hibernate-validator-6.0.19.Final.jar;D:\apache\MavenRepository\org\jboss\logging\jboss-logging\3.4.1.Final\jboss-logging-3.4.1.Final.jar;D:\apache\MavenRepository\com\fasterxml\classmate\1.5.1\classmate-1.5.1.jar;D:\apache\MavenRepository\org\springframework\spring-web\5.2.6.RELEASE\spring-web-5.2.6.RELEASE.jar;D:\apache\MavenRepository\org\springframework\spring-beans\5.2.6.RELEASE\spring-beans-5.2.6.RELEASE.jar;D:\apache\MavenRepository\org\springframework\spring-webmvc\5.2.6.RELEASE\spring-webmvc-5.2.6.RELEASE.jar;D:\apache\MavenRepository\org\springframework\spring-context\5.2.6.RELEASE\spring-context-5.2.6.RELEASE.jar;D:\apache\MavenRepository\org\springframework\spring-expression\5.2.6.RELEASE\spring-expression-5.2.6.RELEASE.jar;D:\apache\MavenRepository\mysql\mysql-connector-java\8.0.20\mysql-connector-java-8.0.20.jar;D:\apache\MavenRepository\com\alibaba\druid-spring-boot-starter\1.1.10\druid-spring-boot-starter-1.1.10.jar;D:\apache\MavenRepository\com\alibaba\druid\1.1.10\druid-1.1.10.jar;D:\apache\MavenRepository\org\slf4j\slf4j-api\1.7.30\slf4j-api-1.7.30.jar;D:\apache\MavenRepository\org\springframework\boot\spring-boot-autoconfigure\2.2.7.RELEASE\spring-boot-autoconfigure-2.2.7.RELEASE.jar;D:\apache\MavenRepository\com\baomidou\mybatis-plus-boot-starter\3.2.0\mybatis-plus-boot-starter-3.2.0.jar;D:\apache\MavenRepository\com\baomidou\mybatis-plus\3.2.0\mybatis-plus-3.2.0.jar;D:\apache\MavenRepository\com\baomidou\mybatis-plus-extension\3.2.0\mybatis-plus-extension-3.2.0.jar;D:\apache\MavenRepository\com\baomidou\mybatis-plus-core\3.2.0\mybatis-plus-core-3.2.0.jar;D:\apache\MavenRepository\com\baomidou\mybatis-plus-annotation\3.2.0\mybatis-plus-annotation-3.2.0.jar;D:\apache\MavenRepository\com\github\jsqlparser\jsqlparser\2.1\jsqlparser-2.1.jar;D:\apache\MavenRepository\org\mybatis\mybatis\3.5.2\mybatis-3.5.2.jar;D:\apache\MavenRepository\org\mybatis\mybatis-spring\2.0.2\mybatis-spring-2.0.2.jar;D:\apache\MavenRepository\org\springframework\boot\spring-boot-starter-jdbc\2.2.7.RELEASE\spring-boot-starter-jdbc-2.2.7.RELEASE.jar;D:\apache\MavenRepository\com\zaxxer\HikariCP\3.4.3\HikariCP-3.4.3.jar;D:\apache\MavenRepository\org\springframework\spring-jdbc\5.2.6.RELEASE\spring-jdbc-5.2.6.RELEASE.jar;D:\apache\MavenRepository\joda-time\joda-time\2.10.6\joda-time-2.10.6.jar;D:\apache\MavenRepository\cn\hutool\hutool-all\5.1.0\hutool-all-5.1.0.jar;D:\apache\MavenRepository\com\github\whvcse\easy-captcha\1.6.2\easy-captcha-1.6.2.jar;D:\apache\MavenRepository\org\springframework\boot\spring-boot-starter-data-redis\2.2.5.RELEASE\spring-boot-starter-data-redis-2.2.5.RELEASE.jar;D:\apache\MavenRepository\org\springframework\data\spring-data-redis\2.2.7.RELEASE\spring-data-redis-2.2.7.RELEASE.jar;D:\apache\MavenRepository\org\springframework\data\spring-data-keyvalue\2.2.7.RELEASE\spring-data-keyvalue-2.2.7.RELEASE.jar;D:\apache\MavenRepository\org\springframework\data\spring-data-commons\2.2.7.RELEASE\spring-data-commons-2.2.7.RELEASE.jar;D:\apache\MavenRepository\org\springframework\spring-tx\5.2.6.RELEASE\spring-tx-5.2.6.RELEASE.jar;D:\apache\MavenRepository\org\springframework\spring-oxm\5.2.6.RELEASE\spring-oxm-5.2.6.RELEASE.jar;D:\apache\MavenRepository\io\lettuce\lettuce-core\5.2.2.RELEASE\lettuce-core-5.2.2.RELEASE.jar;D:\apache\MavenRepository\io\netty\netty-common\4.1.49.Final\netty-common-4.1.49.Final.jar;D:\apache\MavenRepository\io\netty\netty-handler\4.1.49.Final\netty-handler-4.1.49.Final.jar;D:\apache\MavenRepository\io\netty\netty-resolver\4.1.49.Final\netty-resolver-4.1.49.Final.jar;D:\apache\MavenRepository\io\netty\netty-buffer\4.1.49.Final\netty-buffer-4.1.49.Final.jar;D:\apache\MavenRepository\io\netty\netty-codec\4.1.49.Final\netty-codec-4.1.49.Final.jar;D:\apache\MavenRepository\io\netty\netty-transport\4.1.49.Final\netty-transport-4.1.49.Final.jar;D:\apache\MavenRepository\io\projectreactor\reactor-core\3.3.5.RELEASE\reactor-core-3.3.5.RELEASE.jar;D:\apache\MavenRepository\org\reactivestreams\reactive-streams\1.0.3\reactive-streams-1.0.3.jar;D:\apache\MavenRepository\com\alibaba\fastjson\1.2.54\fastjson-1.2.54.jar;D:\apache\MavenRepository\org\springframework\boot\spring-boot-starter-mail\2.1.7.RELEASE\spring-boot-starter-mail-2.1.7.RELEASE.jar;D:\apache\MavenRepository\org\springframework\spring-context-support\5.2.6.RELEASE\spring-context-support-5.2.6.RELEASE.jar;D:\apache\MavenRepository\com\sun\mail\javax.mail\1.6.2\javax.mail-1.6.2.jar;D:\apache\MavenRepository\javax\activation\activation\1.1\activation-1.1.jar;D:\apache\MavenRepository\com\auth0\java-jwt\3.4.0\java-jwt-3.4.0.jar;D:\apache\MavenRepository\com\fasterxml\jackson\core\jackson-databind\2.10.4\jackson-databind-2.10.4.jar;D:\apache\MavenRepository\com\fasterxml\jackson\core\jackson-annotations\2.10.4\jackson-annotations-2.10.4.jar;D:\apache\MavenRepository\com\fasterxml\jackson\core\jackson-core\2.10.4\jackson-core-2.10.4.jar;D:\apache\MavenRepository\commons-codec\commons-codec\1.13\commons-codec-1.13.jar;D:\apache\MavenRepository\org\springframework\boot\spring-boot-starter-aop\2.2.7.RELEASE\spring-boot-starter-aop-2.2.7.RELEASE.jar;D:\apache\MavenRepository\org\springframework\spring-aop\5.2.6.RELEASE\spring-aop-5.2.6.RELEASE.jar;D:\apache\MavenRepository\org\aspectj\aspectjweaver\1.9.5\aspectjweaver-1.9.5.jar;D:\apache\MavenRepository\org\springframework\boot\spring-boot-devtools\2.2.7.RELEASE\spring-boot-devtools-2.2.7.RELEASE.jar;D:\apache\MavenRepository\org\springframework\boot\spring-boot\2.2.7.RELEASE\spring-boot-2.2.7.RELEASE.jar;D:\apache\MavenRepository\org\apache\shiro\shiro-spring\1.4.0\shiro-spring-1.4.0.jar;D:\apache\MavenRepository\org\apache\shiro\shiro-core\1.4.0\shiro-core-1.4.0.jar;D:\apache\MavenRepository\org\apache\shiro\shiro-lang\1.4.0\shiro-lang-1.4.0.jar;D:\apache\MavenRepository\org\apache\shiro\shiro-cache\1.4.0\shiro-cache-1.4.0.jar;D:\apache\MavenRepository\org\apache\shiro\shiro-crypto-hash\1.4.0\shiro-crypto-hash-1.4.0.jar;D:\apache\MavenRepository\org\apache\shiro\shiro-crypto-core\1.4.0\shiro-crypto-core-1.4.0.jar;D:\apache\MavenRepository\org\apache\shiro\shiro-crypto-cipher\1.4.0\shiro-crypto-cipher-1.4.0.jar;D:\apache\MavenRepository\org\apache\shiro\shiro-config-core\1.4.0\shiro-config-core-1.4.0.jar;D:\apache\MavenRepository\org\apache\shiro\shiro-config-ogdl\1.4.0\shiro-config-ogdl-1.4.0.jar;D:\apache\MavenRepository\commons-beanutils\commons-beanutils\1.9.3\commons-beanutils-1.9.3.jar;D:\apache\MavenRepository\commons-collections\commons-collections\3.2.2\commons-collections-3.2.2.jar;D:\apache\MavenRepository\org\apache\shiro\shiro-event\1.4.0\shiro-event-1.4.0.jar;D:\apache\MavenRepository\org\apache\shiro\shiro-web\1.4.0\shiro-web-1.4.0.jar;D:\apache\MavenRepository\org\projectlombok\lombok\1.18.12\lombok-1.18.12.jar;D:\apache\MavenRepository\org\springframework\boot\spring-boot-starter-test\2.2.7.RELEASE\spring-boot-starter-test-2.2.7.RELEASE.jar;D:\apache\MavenRepository\org\springframework\boot\spring-boot-test\2.2.7.RELEASE\spring-boot-test-2.2.7.RELEASE.jar;D:\apache\MavenRepository\org\springframework\boot\spring-boot-test-autoconfigure\2.2.7.RELEASE\spring-boot-test-autoconfigure-2.2.7.RELEASE.jar;D:\apache\MavenRepository\com\jayway\jsonpath\json-path\2.4.0\json-path-2.4.0.jar;D:\apache\MavenRepository\net\minidev\json-smart\2.3\json-smart-2.3.jar;D:\apache\MavenRepository\net\minidev\accessors-smart\1.2\accessors-smart-1.2.jar;D:\apache\MavenRepository\org\ow2\asm\asm\5.0.4\asm-5.0.4.jar;D:\apache\MavenRepository\jakarta\xml\bind\jakarta.xml.bind-api\2.3.3\jakarta.xml.bind-api-2.3.3.jar;D:\apache\MavenRepository\jakarta\activation\jakarta.activation-api\1.2.2\jakarta.activation-api-1.2.2.jar;D:\apache\MavenRepository\org\junit\jupiter\junit-jupiter\5.5.2\junit-jupiter-5.5.2.jar;D:\apache\MavenRepository\org\junit\jupiter\junit-jupiter-api\5.5.2\junit-jupiter-api-5.5.2.jar;D:\apache\MavenRepository\org\opentest4j\opentest4j\1.2.0\opentest4j-1.2.0.jar;D:\apache\MavenRepository\org\junit\platform\junit-platform-commons\1.5.2\junit-platform-commons-1.5.2.jar;D:\apache\MavenRepository\org\junit\jupiter\junit-jupiter-params\5.5.2\junit-jupiter-params-5.5.2.jar;D:\apache\MavenRepository\org\junit\jupiter\junit-jupiter-engine\5.5.2\junit-jupiter-engine-5.5.2.jar;D:\apache\MavenRepository\org\junit\vintage\junit-vintage-engine\5.5.2\junit-vintage-engine-5.5.2.jar;D:\apache\MavenRepository\org\apiguardian\apiguardian-api\1.1.0\apiguardian-api-1.1.0.jar;D:\apache\MavenRepository\org\junit\platform\junit-platform-engine\1.5.2\junit-platform-engine-1.5.2.jar;D:\apache\MavenRepository\junit\junit\4.12\junit-4.12.jar;D:\apache\MavenRepository\org\mockito\mockito-junit-jupiter\3.1.0\mockito-junit-jupiter-3.1.0.jar;D:\apache\MavenRepository\org\assertj\assertj-core\3.13.2\assertj-core-3.13.2.jar;D:\apache\MavenRepository\org\hamcrest\hamcrest\2.1\hamcrest-2.1.jar;D:\apache\MavenRepository\org\mockito\mockito-core\3.1.0\mockito-core-3.1.0.jar;D:\apache\MavenRepository\net\bytebuddy\byte-buddy\1.10.10\byte-buddy-1.10.10.jar;D:\apache\MavenRepository\net\bytebuddy\byte-buddy-agent\1.10.10\byte-buddy-agent-1.10.10.jar;D:\apache\MavenRepository\org\objenesis\objenesis\2.6\objenesis-2.6.jar;D:\apache\MavenRepository\org\skyscreamer\jsonassert\1.5.0\jsonassert-1.5.0.jar;D:\apache\MavenRepository\com\vaadin\external\google\android-json\0.0.20131108.vaadin1\android-json-0.0.20131108.vaadin1.jar;D:\apache\MavenRepository\org\springframework\spring-core\5.2.6.RELEASE\spring-core-5.2.6.RELEASE.jar;D:\apache\MavenRepository\org\springframework\spring-jcl\5.2.6.RELEASE\spring-jcl-5.2.6.RELEASE.jar;D:\apache\MavenRepository\org\springframework\spring-test\5.2.6.RELEASE\spring-test-5.2.6.RELEASE.jar;D:\apache\MavenRepository\org\xmlunit\xmlunit-core\2.6.4\xmlunit-core-2.6.4.jar;"/>
    <property name="sun.cpu.endian" value="little"/>
    <property name="user.home" value="C:\Users\Administrator"/>
    <property name="user.language" value="zh"/>
    <property name="java.specification.vendor" value="Oracle Corporation"/>
    <property name="java.home" value="C:\Program Files\Java\jdk1.8.0_251\jre"/>
    <property name="basedir" value="D:\idea\workspace\dishsys"/>
    <property name="file.separator" value="\"/>
    <property name="line.separator" value="&#10;"/>
    <property name="java.vm.specification.vendor" value="Oracle Corporation"/>
    <property name="java.specification.name" value="Java Platform API Specification"/>
    <property name="java.awt.graphicsenv" value="sun.awt.Win32GraphicsEnvironment"/>
    <property name="surefire.real.class.path" value="C:\Users\ADMINI~1\AppData\Local\Temp\surefire5315487356313427542\surefirebooter1338554020203863615.jar"/>
    <property name="sun.boot.class.path" value="C:\Program Files\Java\jdk1.8.0_251\jre\lib\resources.jar;C:\Program Files\Java\jdk1.8.0_251\jre\lib\rt.jar;C:\Program Files\Java\jdk1.8.0_251\jre\lib\sunrsasign.jar;C:\Program Files\Java\jdk1.8.0_251\jre\lib\jsse.jar;C:\Program Files\Java\jdk1.8.0_251\jre\lib\jce.jar;C:\Program Files\Java\jdk1.8.0_251\jre\lib\charsets.jar;C:\Program Files\Java\jdk1.8.0_251\jre\lib\jfr.jar;C:\Program Files\Java\jdk1.8.0_251\jre\classes"/>
    <property name="user.script" value=""/>
    <property name="sun.management.compiler" value="HotSpot 64-Bit Tiered Compilers"/>
    <property name="java.runtime.version" value="1.8.0_251-b08"/>
    <property name="user.name" value="Administrator"/>
    <property name="path.separator" value=";"/>
    <property name="os.version" value="10.0"/>
    <property name="java.endorsed.dirs" value="C:\Program Files\Java\jdk1.8.0_251\jre\lib\endorsed"/>
    <property name="java.runtime.name" value="Java(TM) SE Runtime Environment"/>
    <property name="file.encoding" value="GBK"/>
    <property name="java.vm.name" value="Java HotSpot(TM) 64-Bit Server VM"/>
    <property name="localRepository" value="D:\apache\MavenRepository"/>
    <property name="java.vendor.url.bug" value="http://bugreport.sun.com/bugreport/"/>
    <property name="java.io.tmpdir" value="C:\Users\ADMINI~1\AppData\Local\Temp\"/>
    <property name="java.version" value="1.8.0_251"/>
    <property name="user.dir" value="D:\idea\workspace\dishsys"/>
    <property name="os.arch" value="amd64"/>
    <property name="java.vm.specification.name" value="Java Virtual Machine Specification"/>
    <property name="java.awt.printerjob" value="sun.awt.windows.WPrinterJob"/>
    <property name="sun.os.patch.level" value=""/>
    <property name="java.library.path" value="C:\Program Files\Java\jdk1.8.0_251\jre\bin;C:\Windows\Sun\Java\bin;C:\Windows\system32;C:\Windows;C:\Program Files (x86)\Common Files\Oracle\Java\javapath;C:\Windows\system32;C:\Windows;C:\Windows\System32\Wbem;C:\Windows\System32\WindowsPowerShell\v1.0\;C:\Windows\System32\OpenSSH\;D:\apache\apache-maven-3.3.9\bin;C:\Program Files\Java\jdk1.8.0_251\bin;C:\Program Files\Java\jdk1.8.0_251\jre\bin;D:\node\;C:\Program Files\MySQL\MySQL Server 5.5\bin;D:\Git\cmd;D:\node;C:\Users\Administrator\AppData\Local\Microsoft\WindowsApps;;D:\idea\IntelliJ IDEA 2019.3\bin;;C:\Users\Administrator\AppData\Roaming\npm;."/>
    <property name="java.vm.info" value="mixed mode"/>
    <property name="java.vendor" value="Oracle Corporation"/>
    <property name="java.vm.version" value="25.251-b08"/>
    <property name="idea.version2019.3" value="true"/>
    <property name="java.ext.dirs" value="C:\Program Files\Java\jdk1.8.0_251\jre\lib\ext;C:\Windows\Sun\Java\lib\ext"/>
    <property name="sun.io.unicode.encoding" value="UnicodeLittle"/>
    <property name="maven.repo.local" value="D:\apache\MavenRepository"/>
    <property name="java.class.version" value="52.0"/>
  </properties>
  <testcase name="testMenu" classname="cn.lhx.dishsys.DishsysApplicationTests" time="0.192"/>
  <testcase name="pers" classname="cn.lhx.dishsys.DishsysApplicationTests" time="0.002"/>
  <testcase name="test" classname="cn.lhx.dishsys.DishsysApplicationTests" time="0.403"/>
  <testcase name="test1" classname="cn.lhx.dishsys.DishsysApplicationTests" time="0.009"/>
  <testcase name="contextLoads" classname="cn.lhx.dishsys.DishsysApplicationTests" time="0.002"/>
</testsuite>